2023-12-07 11:05:06,492 - INFO - 

 Inside avg_weather_data


2023-12-07 11:05:11,707 - INFO - Successfully fetched weather data for kolkata
2023-12-07 11:05:11,707 - INFO - Fetch data for sync call
2023-12-07 11:05:11,713 - INFO - Data updated for city: kolkata
2023-12-07 11:05:11,719 - INFO - Successful retrival weather data from MongoDB
2023-12-07 11:05:11,720 - INFO - Successfully analyzed weather data
2023-12-07 11:05:12,098 - INFO - Saved graph to /home/trident/walkingdreamz/weather_proj/sync_weather_chart_kolkata_today.png
2023-12-07 11:07:07,369 - INFO - 

 Inside async_avg_weather_data


2023-12-07 11:07:22,783 - INFO - Successfully fetched weather data for jaipur
2023-12-07 11:07:23,598 - INFO - Successfully fetched weather data for delhi
2023-12-07 11:07:23,665 - INFO - Successfully fetched weather data for mumbai
2023-12-07 11:07:23,666 - INFO - Fetch data for sync call
2023-12-07 11:07:23,667 - INFO - Data updated for city: mumbai
2023-12-07 11:07:23,668 - INFO - Successful retrival weather data from MongoDB
2023-12-07 11:07:23,668 - INFO - Successfully analyzed weather data
2023-12-07 11:07:23,887 - INFO - Saved graph to /home/trident/walkingdreamz/weather_proj/graph_images/async_graph_images/async_weather_chart_mumbai_today.png
2023-12-07 11:07:23,892 - INFO - Data updated for city: delhi
2023-12-07 11:07:23,895 - INFO - Successful retrival weather data from MongoDB
2023-12-07 11:07:23,895 - INFO - Successfully analyzed weather data
2023-12-07 11:07:24,106 - INFO - Saved graph to /home/trident/walkingdreamz/weather_proj/graph_images/async_graph_images/async_weather_chart_delhi_today.png
2023-12-07 11:07:24,108 - INFO - Data updated for city: jaipur
2023-12-07 11:07:24,112 - INFO - Successful retrival weather data from MongoDB
2023-12-07 11:07:24,112 - INFO - Successfully analyzed weather data
2023-12-07 11:07:24,442 - INFO - Saved graph to /home/trident/walkingdreamz/weather_proj/graph_images/async_graph_images/async_weather_chart_jaipur_today.png
